0 info it worked if it ends with ok
1 verbose cli [ '/usr/bin/nodejs', '/usr/bin/npm', 'run', 'dist' ]
2 info using npm@3.8.9
3 info using node@v6.1.0
4 verbose run-script [ 'predist', 'dist', 'postdist' ]
5 info lifecycle MemoriaYLegado@0.4.1~predist: MemoriaYLegado@0.4.1
6 silly lifecycle MemoriaYLegado@0.4.1~predist: no script for predist, continuing
7 info lifecycle MemoriaYLegado@0.4.1~dist: MemoriaYLegado@0.4.1
8 verbose lifecycle MemoriaYLegado@0.4.1~dist: unsafe-perm in lifecycle true
9 verbose lifecycle MemoriaYLegado@0.4.1~dist: PATH: /usr/lib/node_modules/npm/bin/node-gyp-bin:/home/parallels/Projects/memoriaylegado/node_modules/.bin:/usr/bin:/usr/local/sbin:/usr/local/bin:/usr/sbin:/usr/bin:/sbin:/bin
10 verbose lifecycle MemoriaYLegado@0.4.1~dist: CWD: /home/parallels/Projects/memoriaylegado
11 silly lifecycle MemoriaYLegado@0.4.1~dist: Args: [ '-c', 'build' ]
12 silly lifecycle MemoriaYLegado@0.4.1~dist: Returned: code: 255  signal: null
13 info lifecycle MemoriaYLegado@0.4.1~dist: Failed to exec dist script
14 verbose stack Error: MemoriaYLegado@0.4.1 dist: `build`
14 verbose stack Exit status 255
14 verbose stack     at EventEmitter.<anonymous> (/usr/lib/node_modules/npm/lib/utils/lifecycle.js:245:16)
14 verbose stack     at emitTwo (events.js:106:13)
14 verbose stack     at EventEmitter.emit (events.js:191:7)
14 verbose stack     at ChildProcess.<anonymous> (/usr/lib/node_modules/npm/lib/utils/spawn.js:24:14)
14 verbose stack     at emitTwo (events.js:106:13)
14 verbose stack     at ChildProcess.emit (events.js:191:7)
14 verbose stack     at maybeClose (internal/child_process.js:850:16)
14 verbose stack     at Process.ChildProcess._handle.onexit (internal/child_process.js:215:5)
15 verbose pkgid MemoriaYLegado@0.4.1
16 verbose cwd /home/parallels/Projects/memoriaylegado
17 error Linux 3.13.0-34-generic
18 error argv "/usr/bin/nodejs" "/usr/bin/npm" "run" "dist"
19 error node v6.1.0
20 error npm  v3.8.9
21 error code ELIFECYCLE
22 error MemoriaYLegado@0.4.1 dist: `build`
22 error Exit status 255
23 error Failed at the MemoriaYLegado@0.4.1 dist script 'build'.
23 error Make sure you have the latest version of node.js and npm installed.
23 error If you do, this is most likely a problem with the MemoriaYLegado package,
23 error not with npm itself.
23 error Tell the author that this fails on your system:
23 error     build
23 error You can get information on how to open an issue for this project with:
23 error     npm bugs MemoriaYLegado
23 error Or if that isn't available, you can get their info via:
23 error     npm owner ls MemoriaYLegado
23 error There is likely additional logging output above.
24 verbose exit [ 1, true ]
